Hmm ... looks like a package
Converting parsed Rd's to LaTeX .
Creating pdf output from LaTeX ...

This is pdfTeX, Version 3.14159265-2.6-1.40.19 (TeX Live 2018) (preloaded format=pdflatex)
 restricted \write18 enabled.
entering extended mode
LaTeX2e <2018-04-01> patch level 2
Babel <3.18> and hyphenation patterns for 84 language(s) loaded.

(./Rd2.tex
(/usr/local/texlive/2018/texmf-dist/tex/latex/base/book.cls
Document Class: book 2014/09/29 v1.4h Standard LaTeX document class
(/usr/local/texlive/2018/texmf-dist/tex/latex/base/bk10.clo))
(/Library/Frameworks/R.framework/Resources/share/texmf/tex/latex/Rd.sty
(/usr/local/texlive/2018/texmf-dist/tex/latex/base/ifthen.sty)
(/usr/local/texlive/2018/texmf-dist/tex/latex/tools/longtable.sty)
(/usr/local/texlive/2018/texmf-dist/tex/latex/tools/bm.sty)
(/usr/local/texlive/2018/texmf-dist/tex/latex/base/alltt.sty)
(/usr/local/texlive/2018/texmf-dist/tex/latex/tools/verbatim.sty)
(/usr/local/texlive/2018/texmf-dist/tex/latex/url/url.sty)
(/usr/local/texlive/2018/texmf-dist/tex/latex/base/textcomp.sty
(/usr/local/texlive/2018/texmf-dist/tex/latex/base/ts1enc.def
(/usr/local/texlive/2018/texmf-dist/tex/latex/base/ts1enc.dfu)))
(/usr/local/texlive/2018/texmf-dist/tex/generic/iftex/iftex.sty)
(/usr/local/texlive/2018/texmf-dist/tex/latex/base/fontenc.sty
(/usr/local/texlive/2018/texmf-dist/tex/latex/base/t1enc.def))
(/usr/local/texlive/2018/texmf-dist/tex/latex/psnfss/times.sty)
(/usr/local/texlive/2018/texmf-dist/tex/latex/inconsolata/zi4.sty
`inconsolata-zi4' v1.112, 2017/01/04 Text macros for Inconsolata (msharpe)
(/usr/local/texlive/2018/texmf-dist/tex/latex/xkeyval/xkeyval.sty
(/usr/local/texlive/2018/texmf-dist/tex/generic/xkeyval/xkeyval.tex
(/usr/local/texlive/2018/texmf-dist/tex/generic/xkeyval/xkvutils.tex
(/usr/local/texlive/2018/texmf-dist/tex/generic/xkeyval/keyval.tex)))))
(/usr/local/texlive/2018/texmf-dist/tex/latex/graphics/color.sty
(/usr/local/texlive/2018/texmf-dist/tex/latex/graphics-cfg/color.cfg)
(/usr/local/texlive/2018/texmf-dist/tex/latex/graphics-def/pdftex.def))
(/usr/local/texlive/2018/texmf-dist/tex/latex/hyperref/hyperref.sty
(/usr/local/texlive/2018/texmf-dist/tex/generic/oberdiek/hobsub-hyperref.sty
(/usr/local/texlive/2018/texmf-dist/tex/generic/oberdiek/hobsub-generic.sty))
(/usr/local/texlive/2018/texmf-dist/tex/generic/ifxetex/ifxetex.sty)
(/usr/local/texlive/2018/texmf-dist/tex/latex/oberdiek/auxhook.sty)
(/usr/local/texlive/2018/texmf-dist/tex/latex/oberdiek/kvoptions.sty)
(/usr/local/texlive/2018/texmf-dist/tex/latex/hyperref/pd1enc.def)
(/usr/local/texlive/2018/texmf-dist/tex/latex/latexconfig/hyperref.cfg))
(/usr/local/texlive/2018/texmf-dist/tex/latex/hyperref/hpdftex.def
(/usr/local/texlive/2018/texmf-dist/tex/latex/oberdiek/rerunfilecheck.sty))

Package hyperref Warning: Option `hyperindex' has already been used,
(hyperref)                setting the option has no effect on input line 388.


Package hyperref Warning: Option `pagebackref' has already been used,
(hyperref)                setting the option has no effect on input line 388.

) (/usr/local/texlive/2018/texmf-dist/tex/latex/base/makeidx.sty)
(/usr/local/texlive/2018/texmf-dist/tex/latex/base/inputenc.sty)
Writing index file Rd2.idx
No file Rd2.aux.
(/usr/local/texlive/2018/texmf-dist/tex/latex/base/ts1cmr.fd)
(/usr/local/texlive/2018/texmf-dist/tex/latex/psnfss/t1ptm.fd)
(/usr/local/texlive/2018/texmf-dist/tex/context/base/mkii/supp-pdf.mkii
[Loading MPS to PDF converter (version 2006.09.02).]
) (/usr/local/texlive/2018/texmf-dist/tex/latex/hyperref/nameref.sty
(/usr/local/texlive/2018/texmf-dist/tex/generic/oberdiek/gettitlestring.sty))
(/usr/local/texlive/2018/texmf-dist/tex/latex/inconsolata/t1zi4.fd)
(/usr/local/texlive/2018/texmf-dist/tex/latex/psnfss/t1phv.fd) [1{/usr/local/te
xlive/2018/texmf-var/fonts/map/pdftex/updmap/pdftex.map}]
Overfull \hbox (4.62727pt too wide) in paragraph at lines 60--61
[]\T1/ptm/m/n/10 Colchero, F. and J.S. Clark (2012) Bayesian in-fer-ence on age
-specific sur-vival from capture-recapture

Underfull \hbox (badness 1112) in paragraph at lines 67--67
[]\T1/ptm/m/it/10 Parametric Bayesian es-ti-ma-tion of age-specific sur-vival f
or left-
[2]
Overfull \hbox (5.45772pt too wide) in paragraph at lines 93--94
[]\T1/ptm/m/n/10 A []\T1/zi4/m/n/10 character string []\T1/ptm/m/n/10 in-di-cat
-ing if the data are for capture-mark-recapture (CMR)

Overfull \hbox (9.54822pt too wide) in paragraph at lines 125--126
\T1/ptm/m/n/10 tive in-de-pen-dent Metropo-lis) un-til an up-date rate of 0.25 
is achieved (see []\T1/zi4/m/n/10 details[]\T1/ptm/m/n/10 ). 
[3]
Overfull \hbox (0.666pt too wide) in paragraph at lines 150--151
[]\T1/zi4/m/n/10 basta []\T1/ptm/m/n/10 uses para-met-ric mor-tal-ity func-tion
s to es-ti-mate age-specific mor-tal-ity (sur-vival) from capture-
[4]
Overfull \hbox (4.3718pt too wide) in paragraph at lines 187--188
[]\T1/ptm/m/n/10 where $\OML/cmm/m/it/10 ^^V[]\OT1/cmr/m/n/10 (\OML/cmm/m/it/10
 x\OMS/cmsy/m/n/10 j\OML/cmm/m/it/10 ^^R; Z[]\OT1/cmr/m/n/10 )$ \T1/ptm/m/n/10 
rep-re-sents the mor-tal-ity sec-tion as de-fined above, while the sec-ond term
 $\OML/cmm/m/it/10 exp\OT1/cmr/m/n/10 (^^@\OML/cmm/m/it/10 Z[]\OT1/cmr/m/n/10 )
$
[5]
Overfull \hbox (6.27995pt too wide) in paragraph at lines 203--204
[]\T1/ptm/m/n/10 To spec-ify pri-ors, ar-gu-ments []\T1/zi4/m/n/10 thetaPriorMe
an[]\T1/ptm/m/n/10 , []\T1/zi4/m/n/10 thetaPriorSd[]\T1/ptm/m/n/10 , []\T1/zi4/
m/n/10 gammaPriorMean []\T1/ptm/m/n/10 and []\T1/zi4/m/n/10 gammaPriorSd
[6]
Overfull \hbox (4.62727pt too wide) in paragraph at lines 270--271
[]\T1/ptm/m/n/10 Colchero, F. and J.S. Clark (2012) Bayesian in-fer-ence on age
-specific sur-vival from capture-recapture
[7]
Overfull \hbox (3.04681pt too wide) in paragraph at lines 282--283
[]\T1/ptm/m/n/10 King, R. and Brooks, S.P. (2002) Bayesian model dis-crim-i-na-
tion for mul-ti-ple strata capture-recapture
[8] [9] [10] [11] [12]
Overfull \hbox (21.39984pt too wide) in paragraph at lines 579--579
 []\T1/zi4/m/n/10 DataCheck (object, dataType = "CMR", studyStart = NULL, study
End = NULL,  silent = TRUE)[] 
[13]
Overfull \hbox (4.25749pt too wide) in paragraph at lines 616--617
[]\T1/ptm/m/n/10 A vec-tor of row num-bers in the orig-i-nal data frame where t
here are births recorded
[14]
Overfull \hbox (11.82909pt too wide) in paragraph at lines 635--636
[]\T1/ptm/m/n/10 Vector of in-dices of rows where ``[]\T1/zi4/m/n/10 Min.Birth.
Date[]\T1/ptm/m/n/10 '' was larger than ``[]\T1/zi4/m/n/10 Birth.Date[]\T1/ptm/
m/n/10 ''. 

Overfull \hbox (11.82909pt too wide) in paragraph at lines 636--637
[]\T1/ptm/m/n/10 Vector of in-dices of rows where ``[]\T1/zi4/m/n/10 Birth.Date
[]\T1/ptm/m/n/10 '' was larger than ``[]\T1/zi4/m/n/10 Max.Birth.Date[]\T1/ptm/
m/n/10 ''. 

Overfull \hbox (31.82909pt too wide) in paragraph at lines 637--638
[]\T1/ptm/m/n/10 Vector of in-dices of rows where ``[]\T1/zi4/m/n/10 Min.Birth.
Date[]\T1/ptm/m/n/10 '' was larger than ``[]\T1/zi4/m/n/10 Max.Birth.Date[]\T1/
ptm/m/n/10 ''. 

Overfull \hbox (11.82909pt too wide) in paragraph at lines 639--640
[]\T1/ptm/m/n/10 Vector of in-dices of rows where ``[]\T1/zi4/m/n/10 Min.Birth.
Date[]\T1/ptm/m/n/10 '' was larger than ``[]\T1/zi4/m/n/10 Entry.Date[]\T1/ptm/
m/n/10 ''. 

Overfull \hbox (11.82909pt too wide) in paragraph at lines 640--641
[]\T1/ptm/m/n/10 Vector of in-dices of rows where ``[]\T1/zi4/m/n/10 Max.Birth.
Date[]\T1/ptm/m/n/10 '' was larger than ``[]\T1/zi4/m/n/10 Entry.Date[]\T1/ptm/
m/n/10 ''. 
[15] [16]
Overfull \hbox (4.25749pt too wide) in paragraph at lines 734--735
[]\T1/ptm/m/n/10 A vec-tor of row num-bers in the orig-i-nal data frame where t
here are births recorded

Underfull \hbox (badness 1082) in paragraph at lines 762--762
[]\T1/ptm/m/it/10 Summarizing and plot-ting Bayesian Sur-vival Tra-jec-tory Ana
l-y-sis
(/usr/local/texlive/2018/texmf-dist/tex/latex/inconsolata/ts1zi4.fd) [17]
[18] [19]
Overfull \hbox (4.62727pt too wide) in paragraph at lines 845--846
[]\T1/ptm/m/n/10 Colchero, F. and J.S. Clark (2012) Bayesian in-fer-ence on age
-specific sur-vival from capture-recapture
[20] [21]
No file Rd2.ind.
[22]
(/private/var/folders/q9/hhwtr3dd35g8pjrvr_00wjqc0000gn/T/Rtmp44izoB/Rd2pdf82f7
4348c9c5/Rd2.aux)

Package rerunfilecheck Warning: File `Rd2.out' has changed.
(rerunfilecheck)                Rerun to get outlines right
(rerunfilecheck)                or use package `bookmark'.

 )
(see the transcript file for additional information)pdfTeX warning (dest): name
{Rfn.formula} has been referenced but does not exist, replaced by a fixed one

{/usr/local/texlive/2018/texmf-dist/fonts/enc/dvips/inconsolata/i4-ts1.enc}{/us
r/local/texlive/2018/texmf-dist/fonts/enc/dvips/base/8r.enc}{/usr/local/texlive
/2018/texmf-dist/fonts/enc/dvips/inconsolata/i4-t1-0.enc}</usr/local/texlive/20
18/texmf-dist/fonts/type1/public/inconsolata/Inconsolata-zi4r.pfb></usr/local/t
exlive/2018/texmf-dist/fonts/type1/public/amsfonts/cm/cmmi10.pfb></usr/local/te
xlive/2018/texmf-dist/fonts/type1/public/amsfonts/cm/cmmi7.pfb></usr/local/texl
ive/2018/texmf-dist/fonts/type1/public/amsfonts/cm/cmr10.pfb></usr/local/texliv
e/2018/texmf-dist/fonts/type1/public/amsfonts/cm/cmr5.pfb></usr/local/texlive/2
018/texmf-dist/fonts/type1/public/amsfonts/cm/cmr7.pfb></usr/local/texlive/2018
/texmf-dist/fonts/type1/public/amsfonts/cm/cmsy10.pfb></usr/local/texlive/2018/
texmf-dist/fonts/type1/public/amsfonts/cm/cmsy7.pfb></usr/local/texlive/2018/te
xmf-dist/fonts/type1/urw/helvetic/uhvr8a.pfb></usr/local/texlive/2018/texmf-dis
t/fonts/type1/urw/times/utmb8a.pfb></usr/local/texlive/2018/texmf-dist/fonts/ty
pe1/urw/times/utmr8a.pfb></usr/local/texlive/2018/texmf-dist/fonts/type1/urw/ti
mes/utmr8a.pfb></usr/local/texlive/2018/texmf-dist/fonts/type1/urw/times/utmri8
a.pfb>
Output written on Rd2.pdf (22 pages, 199375 bytes).
Transcript written on Rd2.log.
This is pdfTeX, Version 3.14159265-2.6-1.40.19 (TeX Live 2018) (preloaded format=pdflatex)
 restricted \write18 enabled.
entering extended mode
LaTeX2e <2018-04-01> patch level 2
Babel <3.18> and hyphenation patterns for 84 language(s) loaded.

(./Rd2.tex
(/usr/local/texlive/2018/texmf-dist/tex/latex/base/book.cls
Document Class: book 2014/09/29 v1.4h Standard LaTeX document class
(/usr/local/texlive/2018/texmf-dist/tex/latex/base/bk10.clo))
(/Library/Frameworks/R.framework/Resources/share/texmf/tex/latex/Rd.sty
(/usr/local/texlive/2018/texmf-dist/tex/latex/base/ifthen.sty)
(/usr/local/texlive/2018/texmf-dist/tex/latex/tools/longtable.sty)
(/usr/local/texlive/2018/texmf-dist/tex/latex/tools/bm.sty)
(/usr/local/texlive/2018/texmf-dist/tex/latex/base/alltt.sty)
(/usr/local/texlive/2018/texmf-dist/tex/latex/tools/verbatim.sty)
(/usr/local/texlive/2018/texmf-dist/tex/latex/url/url.sty)
(/usr/local/texlive/2018/texmf-dist/tex/latex/base/textcomp.sty
(/usr/local/texlive/2018/texmf-dist/tex/latex/base/ts1enc.def
(/usr/local/texlive/2018/texmf-dist/tex/latex/base/ts1enc.dfu)))
(/usr/local/texlive/2018/texmf-dist/tex/generic/iftex/iftex.sty)
(/usr/local/texlive/2018/texmf-dist/tex/latex/base/fontenc.sty
(/usr/local/texlive/2018/texmf-dist/tex/latex/base/t1enc.def))
(/usr/local/texlive/2018/texmf-dist/tex/latex/psnfss/times.sty)
(/usr/local/texlive/2018/texmf-dist/tex/latex/inconsolata/zi4.sty
`inconsolata-zi4' v1.112, 2017/01/04 Text macros for Inconsolata (msharpe)
(/usr/local/texlive/2018/texmf-dist/tex/latex/xkeyval/xkeyval.sty
(/usr/local/texlive/2018/texmf-dist/tex/generic/xkeyval/xkeyval.tex
(/usr/local/texlive/2018/texmf-dist/tex/generic/xkeyval/xkvutils.tex
(/usr/local/texlive/2018/texmf-dist/tex/generic/xkeyval/keyval.tex)))))
(/usr/local/texlive/2018/texmf-dist/tex/latex/graphics/color.sty
(/usr/local/texlive/2018/texmf-dist/tex/latex/graphics-cfg/color.cfg)
(/usr/local/texlive/2018/texmf-dist/tex/latex/graphics-def/pdftex.def))
(/usr/local/texlive/2018/texmf-dist/tex/latex/hyperref/hyperref.sty
(/usr/local/texlive/2018/texmf-dist/tex/generic/oberdiek/hobsub-hyperref.sty
(/usr/local/texlive/2018/texmf-dist/tex/generic/oberdiek/hobsub-generic.sty))
(/usr/local/texlive/2018/texmf-dist/tex/generic/ifxetex/ifxetex.sty)
(/usr/local/texlive/2018/texmf-dist/tex/latex/oberdiek/auxhook.sty)
(/usr/local/texlive/2018/texmf-dist/tex/latex/oberdiek/kvoptions.sty)
(/usr/local/texlive/2018/texmf-dist/tex/latex/hyperref/pd1enc.def)
(/usr/local/texlive/2018/texmf-dist/tex/latex/latexconfig/hyperref.cfg))
(/usr/local/texlive/2018/texmf-dist/tex/latex/hyperref/hpdftex.def
(/usr/local/texlive/2018/texmf-dist/tex/latex/oberdiek/rerunfilecheck.sty))

Package hyperref Warning: Option `hyperindex' has already been used,
(hyperref)                setting the option has no effect on input line 388.


Package hyperref Warning: Option `pagebackref' has already been used,
(hyperref)                setting the option has no effect on input line 388.

) (/usr/local/texlive/2018/texmf-dist/tex/latex/base/makeidx.sty)
(/usr/local/texlive/2018/texmf-dist/tex/latex/base/inputenc.sty)
Writing index file Rd2.idx

(/private/var/folders/q9/hhwtr3dd35g8pjrvr_00wjqc0000gn/T/Rtmp44izoB/Rd2pdf82f7
4348c9c5/Rd2.aux) (/usr/local/texlive/2018/texmf-dist/tex/latex/base/ts1cmr.fd)
(/usr/local/texlive/2018/texmf-dist/tex/latex/psnfss/t1ptm.fd)
(/usr/local/texlive/2018/texmf-dist/tex/context/base/mkii/supp-pdf.mkii
[Loading MPS to PDF converter (version 2006.09.02).]
) (/usr/local/texlive/2018/texmf-dist/tex/latex/hyperref/nameref.sty
(/usr/local/texlive/2018/texmf-dist/tex/generic/oberdiek/gettitlestring.sty))
(/private/var/folders/q9/hhwtr3dd35g8pjrvr_00wjqc0000gn/T/Rtmp44izoB/Rd2pdf82f7
4348c9c5/Rd2.out)
(/private/var/folders/q9/hhwtr3dd35g8pjrvr_00wjqc0000gn/T/Rtmp44izoB/Rd2pdf82f7
4348c9c5/Rd2.out)
(/usr/local/texlive/2018/texmf-dist/tex/latex/inconsolata/t1zi4.fd)
(/usr/local/texlive/2018/texmf-dist/tex/latex/psnfss/t1phv.fd)
(/private/var/folders/q9/hhwtr3dd35g8pjrvr_00wjqc0000gn/T/Rtmp44izoB/Rd2pdf82f7
4348c9c5/Rd2.toc) [1{/usr/local/texlive/2018/texmf-var/fonts/map/pdftex/updmap/
pdftex.map}]
Overfull \hbox (4.62727pt too wide) in paragraph at lines 60--61
[]\T1/ptm/m/n/10 Colchero, F. and J.S. Clark (2012) Bayesian in-fer-ence on age
-specific sur-vival from capture-recapture

Underfull \hbox (badness 1112) in paragraph at lines 67--67
[]\T1/ptm/m/it/10 Parametric Bayesian es-ti-ma-tion of age-specific sur-vival f
or left-
[2]
Overfull \hbox (5.45772pt too wide) in paragraph at lines 93--94
[]\T1/ptm/m/n/10 A []\T1/zi4/m/n/10 character string []\T1/ptm/m/n/10 in-di-cat
-ing if the data are for capture-mark-recapture (CMR)
[3]
Overfull \hbox (9.54822pt too wide) in paragraph at lines 125--126
\T1/ptm/m/n/10 tive in-de-pen-dent Metropo-lis) un-til an up-date rate of 0.25 
is achieved (see []\T1/zi4/m/n/10 details[]\T1/ptm/m/n/10 ). 

Overfull \hbox (0.666pt too wide) in paragraph at lines 150--151
[]\T1/zi4/m/n/10 basta []\T1/ptm/m/n/10 uses para-met-ric mor-tal-ity func-tion
s to es-ti-mate age-specific mor-tal-ity (sur-vival) from capture-
[4]
Overfull \hbox (4.3718pt too wide) in paragraph at lines 187--188
[]\T1/ptm/m/n/10 where $\OML/cmm/m/it/10 ^^V[]\OT1/cmr/m/n/10 (\OML/cmm/m/it/10
 x\OMS/cmsy/m/n/10 j\OML/cmm/m/it/10 ^^R; Z[]\OT1/cmr/m/n/10 )$ \T1/ptm/m/n/10 
rep-re-sents the mor-tal-ity sec-tion as de-fined above, while the sec-ond term
 $\OML/cmm/m/it/10 exp\OT1/cmr/m/n/10 (^^@\OML/cmm/m/it/10 Z[]\OT1/cmr/m/n/10 )
$
[5]
Overfull \hbox (6.27995pt too wide) in paragraph at lines 203--204
[]\T1/ptm/m/n/10 To spec-ify pri-ors, ar-gu-ments []\T1/zi4/m/n/10 thetaPriorMe
an[]\T1/ptm/m/n/10 , []\T1/zi4/m/n/10 thetaPriorSd[]\T1/ptm/m/n/10 , []\T1/zi4/
m/n/10 gammaPriorMean []\T1/ptm/m/n/10 and []\T1/zi4/m/n/10 gammaPriorSd
[6] [7]
Overfull \hbox (4.62727pt too wide) in paragraph at lines 270--271
[]\T1/ptm/m/n/10 Colchero, F. and J.S. Clark (2012) Bayesian in-fer-ence on age
-specific sur-vival from capture-recapture

Overfull \hbox (3.04681pt too wide) in paragraph at lines 282--283
[]\T1/ptm/m/n/10 King, R. and Brooks, S.P. (2002) Bayesian model dis-crim-i-na-
tion for mul-ti-ple strata capture-recapture
[8] [9] [10] [11] [12] [13]
Overfull \hbox (21.39984pt too wide) in paragraph at lines 579--579
 []\T1/zi4/m/n/10 DataCheck (object, dataType = "CMR", studyStart = NULL, study
End = NULL,  silent = TRUE)[] 

Overfull \hbox (4.25749pt too wide) in paragraph at lines 616--617
[]\T1/ptm/m/n/10 A vec-tor of row num-bers in the orig-i-nal data frame where t
here are births recorded
[14]
Overfull \hbox (11.82909pt too wide) in paragraph at lines 635--636
[]\T1/ptm/m/n/10 Vector of in-dices of rows where ``[]\T1/zi4/m/n/10 Min.Birth.
Date[]\T1/ptm/m/n/10 '' was larger than ``[]\T1/zi4/m/n/10 Birth.Date[]\T1/ptm/
m/n/10 ''. 

Overfull \hbox (11.82909pt too wide) in paragraph at lines 636--637
[]\T1/ptm/m/n/10 Vector of in-dices of rows where ``[]\T1/zi4/m/n/10 Birth.Date
[]\T1/ptm/m/n/10 '' was larger than ``[]\T1/zi4/m/n/10 Max.Birth.Date[]\T1/ptm/
m/n/10 ''. 

Overfull \hbox (31.82909pt too wide) in paragraph at lines 637--638
[]\T1/ptm/m/n/10 Vector of in-dices of rows where ``[]\T1/zi4/m/n/10 Min.Birth.
Date[]\T1/ptm/m/n/10 '' was larger than ``[]\T1/zi4/m/n/10 Max.Birth.Date[]\T1/
ptm/m/n/10 ''. 

Overfull \hbox (11.82909pt too wide) in paragraph at lines 639--640
[]\T1/ptm/m/n/10 Vector of in-dices of rows where ``[]\T1/zi4/m/n/10 Min.Birth.
Date[]\T1/ptm/m/n/10 '' was larger than ``[]\T1/zi4/m/n/10 Entry.Date[]\T1/ptm/
m/n/10 ''. 

Overfull \hbox (11.82909pt too wide) in paragraph at lines 640--641
[]\T1/ptm/m/n/10 Vector of in-dices of rows where ``[]\T1/zi4/m/n/10 Max.Birth.
Date[]\T1/ptm/m/n/10 '' was larger than ``[]\T1/zi4/m/n/10 Entry.Date[]\T1/ptm/
m/n/10 ''. 
[15] [16]
Overfull \hbox (4.25749pt too wide) in paragraph at lines 734--735
[]\T1/ptm/m/n/10 A vec-tor of row num-bers in the orig-i-nal data frame where t
here are births recorded
[17]
Underfull \hbox (badness 1082) in paragraph at lines 762--762
[]\T1/ptm/m/it/10 Summarizing and plot-ting Bayesian Sur-vival Tra-jec-tory Ana
l-y-sis
(/usr/local/texlive/2018/texmf-dist/tex/latex/inconsolata/ts1zi4.fd) [18]
[19]
Overfull \hbox (4.62727pt too wide) in paragraph at lines 845--846
[]\T1/ptm/m/n/10 Colchero, F. and J.S. Clark (2012) Bayesian in-fer-ence on age
-specific sur-vival from capture-recapture
[20] [21]
No file Rd2.ind.
[22]
(/private/var/folders/q9/hhwtr3dd35g8pjrvr_00wjqc0000gn/T/Rtmp44izoB/Rd2pdf82f7
4348c9c5/Rd2.aux) )
(see the transcript file for additional information)pdfTeX warning (dest): name
{Rfn.formula} has been referenced but does not exist, replaced by a fixed one

{/usr/local/texlive/2018/texmf-dist/fonts/enc/dvips/inconsolata/i4-ts1.enc}{/us
r/local/texlive/2018/texmf-dist/fonts/enc/dvips/base/8r.enc}{/usr/local/texlive
/2018/texmf-dist/fonts/enc/dvips/inconsolata/i4-t1-0.enc}</usr/local/texlive/20
18/texmf-dist/fonts/type1/public/inconsolata/Inconsolata-zi4r.pfb></usr/local/t
exlive/2018/texmf-dist/fonts/type1/public/amsfonts/cm/cmmi10.pfb></usr/local/te
xlive/2018/texmf-dist/fonts/type1/public/amsfonts/cm/cmmi7.pfb></usr/local/texl
ive/2018/texmf-dist/fonts/type1/public/amsfonts/cm/cmr10.pfb></usr/local/texliv
e/2018/texmf-dist/fonts/type1/public/amsfonts/cm/cmr5.pfb></usr/local/texlive/2
018/texmf-dist/fonts/type1/public/amsfonts/cm/cmr7.pfb></usr/local/texlive/2018
/texmf-dist/fonts/type1/public/amsfonts/cm/cmsy10.pfb></usr/local/texlive/2018/
texmf-dist/fonts/type1/public/amsfonts/cm/cmsy7.pfb></usr/local/texlive/2018/te
xmf-dist/fonts/type1/urw/helvetic/uhvr8a.pfb></usr/local/texlive/2018/texmf-dis
t/fonts/type1/urw/times/utmb8a.pfb></usr/local/texlive/2018/texmf-dist/fonts/ty
pe1/urw/times/utmr8a.pfb></usr/local/texlive/2018/texmf-dist/fonts/type1/urw/ti
mes/utmr8a.pfb></usr/local/texlive/2018/texmf-dist/fonts/type1/urw/times/utmri8
a.pfb>
Output written on Rd2.pdf (22 pages, 200524 bytes).
Transcript written on Rd2.log.
This is makeindex, version 2.15 [TeX Live 2018] (kpathsea + Thai support).
Scanning input file Rd2.idx....done (53 entries accepted, 0 rejected).
Sorting entries....done (317 comparisons).
Generating output file Rd2.ind....done (72 lines written, 1 warning).
Output written in Rd2.ind.
Transcript written in Rd2.ilg.
This is pdfTeX, Version 3.14159265-2.6-1.40.19 (TeX Live 2018) (preloaded format=pdflatex)
 restricted \write18 enabled.
entering extended mode
LaTeX2e <2018-04-01> patch level 2
Babel <3.18> and hyphenation patterns for 84 language(s) loaded.

(./Rd2.tex
(/usr/local/texlive/2018/texmf-dist/tex/latex/base/book.cls
Document Class: book 2014/09/29 v1.4h Standard LaTeX document class
(/usr/local/texlive/2018/texmf-dist/tex/latex/base/bk10.clo))
(/Library/Frameworks/R.framework/Resources/share/texmf/tex/latex/Rd.sty
(/usr/local/texlive/2018/texmf-dist/tex/latex/base/ifthen.sty)
(/usr/local/texlive/2018/texmf-dist/tex/latex/tools/longtable.sty)
(/usr/local/texlive/2018/texmf-dist/tex/latex/tools/bm.sty)
(/usr/local/texlive/2018/texmf-dist/tex/latex/base/alltt.sty)
(/usr/local/texlive/2018/texmf-dist/tex/latex/tools/verbatim.sty)
(/usr/local/texlive/2018/texmf-dist/tex/latex/url/url.sty)
(/usr/local/texlive/2018/texmf-dist/tex/latex/base/textcomp.sty
(/usr/local/texlive/2018/texmf-dist/tex/latex/base/ts1enc.def
(/usr/local/texlive/2018/texmf-dist/tex/latex/base/ts1enc.dfu)))
(/usr/local/texlive/2018/texmf-dist/tex/generic/iftex/iftex.sty)
(/usr/local/texlive/2018/texmf-dist/tex/latex/base/fontenc.sty
(/usr/local/texlive/2018/texmf-dist/tex/latex/base/t1enc.def))
(/usr/local/texlive/2018/texmf-dist/tex/latex/psnfss/times.sty)
(/usr/local/texlive/2018/texmf-dist/tex/latex/inconsolata/zi4.sty
`inconsolata-zi4' v1.112, 2017/01/04 Text macros for Inconsolata (msharpe)
(/usr/local/texlive/2018/texmf-dist/tex/latex/xkeyval/xkeyval.sty
(/usr/local/texlive/2018/texmf-dist/tex/generic/xkeyval/xkeyval.tex
(/usr/local/texlive/2018/texmf-dist/tex/generic/xkeyval/xkvutils.tex
(/usr/local/texlive/2018/texmf-dist/tex/generic/xkeyval/keyval.tex)))))
(/usr/local/texlive/2018/texmf-dist/tex/latex/graphics/color.sty
(/usr/local/texlive/2018/texmf-dist/tex/latex/graphics-cfg/color.cfg)
(/usr/local/texlive/2018/texmf-dist/tex/latex/graphics-def/pdftex.def))
(/usr/local/texlive/2018/texmf-dist/tex/latex/hyperref/hyperref.sty
(/usr/local/texlive/2018/texmf-dist/tex/generic/oberdiek/hobsub-hyperref.sty
(/usr/local/texlive/2018/texmf-dist/tex/generic/oberdiek/hobsub-generic.sty))
(/usr/local/texlive/2018/texmf-dist/tex/generic/ifxetex/ifxetex.sty)
(/usr/local/texlive/2018/texmf-dist/tex/latex/oberdiek/auxhook.sty)
(/usr/local/texlive/2018/texmf-dist/tex/latex/oberdiek/kvoptions.sty)
(/usr/local/texlive/2018/texmf-dist/tex/latex/hyperref/pd1enc.def)
(/usr/local/texlive/2018/texmf-dist/tex/latex/latexconfig/hyperref.cfg))
(/usr/local/texlive/2018/texmf-dist/tex/latex/hyperref/hpdftex.def
(/usr/local/texlive/2018/texmf-dist/tex/latex/oberdiek/rerunfilecheck.sty))

Package hyperref Warning: Option `hyperindex' has already been used,
(hyperref)                setting the option has no effect on input line 388.


Package hyperref Warning: Option `pagebackref' has already been used,
(hyperref)                setting the option has no effect on input line 388.

) (/usr/local/texlive/2018/texmf-dist/tex/latex/base/makeidx.sty)
(/usr/local/texlive/2018/texmf-dist/tex/latex/base/inputenc.sty)
Writing index file Rd2.idx

(/private/var/folders/q9/hhwtr3dd35g8pjrvr_00wjqc0000gn/T/Rtmp44izoB/Rd2pdf82f7
4348c9c5/Rd2.aux) (/usr/local/texlive/2018/texmf-dist/tex/latex/base/ts1cmr.fd)
(/usr/local/texlive/2018/texmf-dist/tex/latex/psnfss/t1ptm.fd)
(/usr/local/texlive/2018/texmf-dist/tex/context/base/mkii/supp-pdf.mkii
[Loading MPS to PDF converter (version 2006.09.02).]
) (/usr/local/texlive/2018/texmf-dist/tex/latex/hyperref/nameref.sty
(/usr/local/texlive/2018/texmf-dist/tex/generic/oberdiek/gettitlestring.sty))
(/private/var/folders/q9/hhwtr3dd35g8pjrvr_00wjqc0000gn/T/Rtmp44izoB/Rd2pdf82f7
4348c9c5/Rd2.out)
(/private/var/folders/q9/hhwtr3dd35g8pjrvr_00wjqc0000gn/T/Rtmp44izoB/Rd2pdf82f7
4348c9c5/Rd2.out)
(/usr/local/texlive/2018/texmf-dist/tex/latex/inconsolata/t1zi4.fd)
(/usr/local/texlive/2018/texmf-dist/tex/latex/psnfss/t1phv.fd)
(/private/var/folders/q9/hhwtr3dd35g8pjrvr_00wjqc0000gn/T/Rtmp44izoB/Rd2pdf82f7
4348c9c5/Rd2.toc) [1{/usr/local/texlive/2018/texmf-var/fonts/map/pdftex/updmap/
pdftex.map}]
Overfull \hbox (4.62727pt too wide) in paragraph at lines 60--61
[]\T1/ptm/m/n/10 Colchero, F. and J.S. Clark (2012) Bayesian in-fer-ence on age
-specific sur-vival from capture-recapture

Underfull \hbox (badness 1112) in paragraph at lines 67--67
[]\T1/ptm/m/it/10 Parametric Bayesian es-ti-ma-tion of age-specific sur-vival f
or left-
[2]
Overfull \hbox (5.45772pt too wide) in paragraph at lines 93--94
[]\T1/ptm/m/n/10 A []\T1/zi4/m/n/10 character string []\T1/ptm/m/n/10 in-di-cat
-ing if the data are for capture-mark-recapture (CMR)
[3]
Overfull \hbox (9.54822pt too wide) in paragraph at lines 125--126
\T1/ptm/m/n/10 tive in-de-pen-dent Metropo-lis) un-til an up-date rate of 0.25 
is achieved (see []\T1/zi4/m/n/10 details[]\T1/ptm/m/n/10 ). 

Overfull \hbox (0.666pt too wide) in paragraph at lines 150--151
[]\T1/zi4/m/n/10 basta []\T1/ptm/m/n/10 uses para-met-ric mor-tal-ity func-tion
s to es-ti-mate age-specific mor-tal-ity (sur-vival) from capture-
[4]
Overfull \hbox (4.3718pt too wide) in paragraph at lines 187--188
[]\T1/ptm/m/n/10 where $\OML/cmm/m/it/10 ^^V[]\OT1/cmr/m/n/10 (\OML/cmm/m/it/10
 x\OMS/cmsy/m/n/10 j\OML/cmm/m/it/10 ^^R; Z[]\OT1/cmr/m/n/10 )$ \T1/ptm/m/n/10 
rep-re-sents the mor-tal-ity sec-tion as de-fined above, while the sec-ond term
 $\OML/cmm/m/it/10 exp\OT1/cmr/m/n/10 (^^@\OML/cmm/m/it/10 Z[]\OT1/cmr/m/n/10 )
$
[5]
Overfull \hbox (6.27995pt too wide) in paragraph at lines 203--204
[]\T1/ptm/m/n/10 To spec-ify pri-ors, ar-gu-ments []\T1/zi4/m/n/10 thetaPriorMe
an[]\T1/ptm/m/n/10 , []\T1/zi4/m/n/10 thetaPriorSd[]\T1/ptm/m/n/10 , []\T1/zi4/
m/n/10 gammaPriorMean []\T1/ptm/m/n/10 and []\T1/zi4/m/n/10 gammaPriorSd
[6] [7]
Overfull \hbox (4.62727pt too wide) in paragraph at lines 270--271
[]\T1/ptm/m/n/10 Colchero, F. and J.S. Clark (2012) Bayesian in-fer-ence on age
-specific sur-vival from capture-recapture

Overfull \hbox (3.04681pt too wide) in paragraph at lines 282--283
[]\T1/ptm/m/n/10 King, R. and Brooks, S.P. (2002) Bayesian model dis-crim-i-na-
tion for mul-ti-ple strata capture-recapture
[8] [9] [10] [11] [12] [13]
Overfull \hbox (21.39984pt too wide) in paragraph at lines 579--579
 []\T1/zi4/m/n/10 DataCheck (object, dataType = "CMR", studyStart = NULL, study
End = NULL,  silent = TRUE)[] 

Overfull \hbox (4.25749pt too wide) in paragraph at lines 616--617
[]\T1/ptm/m/n/10 A vec-tor of row num-bers in the orig-i-nal data frame where t
here are births recorded
[14]
Overfull \hbox (11.82909pt too wide) in paragraph at lines 635--636
[]\T1/ptm/m/n/10 Vector of in-dices of rows where ``[]\T1/zi4/m/n/10 Min.Birth.
Date[]\T1/ptm/m/n/10 '' was larger than ``[]\T1/zi4/m/n/10 Birth.Date[]\T1/ptm/
m/n/10 ''. 

Overfull \hbox (11.82909pt too wide) in paragraph at lines 636--637
[]\T1/ptm/m/n/10 Vector of in-dices of rows where ``[]\T1/zi4/m/n/10 Birth.Date
[]\T1/ptm/m/n/10 '' was larger than ``[]\T1/zi4/m/n/10 Max.Birth.Date[]\T1/ptm/
m/n/10 ''. 

Overfull \hbox (31.82909pt too wide) in paragraph at lines 637--638
[]\T1/ptm/m/n/10 Vector of in-dices of rows where ``[]\T1/zi4/m/n/10 Min.Birth.
Date[]\T1/ptm/m/n/10 '' was larger than ``[]\T1/zi4/m/n/10 Max.Birth.Date[]\T1/
ptm/m/n/10 ''. 

Overfull \hbox (11.82909pt too wide) in paragraph at lines 639--640
[]\T1/ptm/m/n/10 Vector of in-dices of rows where ``[]\T1/zi4/m/n/10 Min.Birth.
Date[]\T1/ptm/m/n/10 '' was larger than ``[]\T1/zi4/m/n/10 Entry.Date[]\T1/ptm/
m/n/10 ''. 

Overfull \hbox (11.82909pt too wide) in paragraph at lines 640--641
[]\T1/ptm/m/n/10 Vector of in-dices of rows where ``[]\T1/zi4/m/n/10 Max.Birth.
Date[]\T1/ptm/m/n/10 '' was larger than ``[]\T1/zi4/m/n/10 Entry.Date[]\T1/ptm/
m/n/10 ''. 
[15] [16]
Overfull \hbox (4.25749pt too wide) in paragraph at lines 734--735
[]\T1/ptm/m/n/10 A vec-tor of row num-bers in the orig-i-nal data frame where t
here are births recorded
[17]
Underfull \hbox (badness 1082) in paragraph at lines 762--762
[]\T1/ptm/m/it/10 Summarizing and plot-ting Bayesian Sur-vival Tra-jec-tory Ana
l-y-sis
(/usr/local/texlive/2018/texmf-dist/tex/latex/inconsolata/ts1zi4.fd) [18]
[19]
Overfull \hbox (4.62727pt too wide) in paragraph at lines 845--846
[]\T1/ptm/m/n/10 Colchero, F. and J.S. Clark (2012) Bayesian in-fer-ence on age
-specific sur-vival from capture-recapture
[20] [21]
(/private/var/folders/q9/hhwtr3dd35g8pjrvr_00wjqc0000gn/T/Rtmp44izoB/Rd2pdf82f7
4348c9c5/Rd2.ind [22]

LaTeX Font Warning: Font shape `T1/zi4/m/it' undefined
(Font)              using `T1/zi4/m/n' instead on input line 22.

[23])
(/private/var/folders/q9/hhwtr3dd35g8pjrvr_00wjqc0000gn/T/Rtmp44izoB/Rd2pdf82f7
4348c9c5/Rd2.aux)

Package rerunfilecheck Warning: File `Rd2.out' has changed.
(rerunfilecheck)                Rerun to get outlines right
(rerunfilecheck)                or use package `bookmark'.


LaTeX Font Warning: Some font shapes were not available, defaults substituted.

 )
(see the transcript file for additional information)pdfTeX warning (dest): name
{Rfn.formula} has been referenced but does not exist, replaced by a fixed one

{/usr/local/texlive/2018/texmf-dist/fonts/enc/dvips/inconsolata/i4-ts1.enc}{/us
r/local/texlive/2018/texmf-dist/fonts/enc/dvips/base/8r.enc}{/usr/local/texlive
/2018/texmf-dist/fonts/enc/dvips/inconsolata/i4-t1-0.enc}</usr/local/texlive/20
18/texmf-dist/fonts/type1/public/inconsolata/Inconsolata-zi4r.pfb></usr/local/t
exlive/2018/texmf-dist/fonts/type1/public/amsfonts/cm/cmmi10.pfb></usr/local/te
xlive/2018/texmf-dist/fonts/type1/public/amsfonts/cm/cmmi7.pfb></usr/local/texl
ive/2018/texmf-dist/fonts/type1/public/amsfonts/cm/cmr10.pfb></usr/local/texliv
e/2018/texmf-dist/fonts/type1/public/amsfonts/cm/cmr5.pfb></usr/local/texlive/2
018/texmf-dist/fonts/type1/public/amsfonts/cm/cmr7.pfb></usr/local/texlive/2018
/texmf-dist/fonts/type1/public/amsfonts/cm/cmsy10.pfb></usr/local/texlive/2018/
texmf-dist/fonts/type1/public/amsfonts/cm/cmsy7.pfb></usr/local/texlive/2018/te
xmf-dist/fonts/type1/urw/helvetic/uhvr8a.pfb></usr/local/texlive/2018/texmf-dis
t/fonts/type1/urw/times/utmb8a.pfb></usr/local/texlive/2018/texmf-dist/fonts/ty
pe1/urw/times/utmr8a.pfb></usr/local/texlive/2018/texmf-dist/fonts/type1/urw/ti
mes/utmr8a.pfb></usr/local/texlive/2018/texmf-dist/fonts/type1/urw/times/utmri8
a.pfb>
Output written on Rd2.pdf (23 pages, 204653 bytes).
Transcript written on Rd2.log.
This is makeindex, version 2.15 [TeX Live 2018] (kpathsea + Thai support).
Scanning input file Rd2.idx....done (53 entries accepted, 0 rejected).
Sorting entries....done (317 comparisons).
Generating output file Rd2.ind....done (72 lines written, 1 warning).
Output written in Rd2.ind.
Transcript written in Rd2.ilg.
This is pdfTeX, Version 3.14159265-2.6-1.40.19 (TeX Live 2018) (preloaded format=pdflatex)
 restricted \write18 enabled.
entering extended mode
LaTeX2e <2018-04-01> patch level 2
Babel <3.18> and hyphenation patterns for 84 language(s) loaded.

(./Rd2.tex
(/usr/local/texlive/2018/texmf-dist/tex/latex/base/book.cls
Document Class: book 2014/09/29 v1.4h Standard LaTeX document class
(/usr/local/texlive/2018/texmf-dist/tex/latex/base/bk10.clo))
(/Library/Frameworks/R.framework/Resources/share/texmf/tex/latex/Rd.sty
(/usr/local/texlive/2018/texmf-dist/tex/latex/base/ifthen.sty)
(/usr/local/texlive/2018/texmf-dist/tex/latex/tools/longtable.sty)
(/usr/local/texlive/2018/texmf-dist/tex/latex/tools/bm.sty)
(/usr/local/texlive/2018/texmf-dist/tex/latex/base/alltt.sty)
(/usr/local/texlive/2018/texmf-dist/tex/latex/tools/verbatim.sty)
(/usr/local/texlive/2018/texmf-dist/tex/latex/url/url.sty)
(/usr/local/texlive/2018/texmf-dist/tex/latex/base/textcomp.sty
(/usr/local/texlive/2018/texmf-dist/tex/latex/base/ts1enc.def
(/usr/local/texlive/2018/texmf-dist/tex/latex/base/ts1enc.dfu)))
(/usr/local/texlive/2018/texmf-dist/tex/generic/iftex/iftex.sty)
(/usr/local/texlive/2018/texmf-dist/tex/latex/base/fontenc.sty
(/usr/local/texlive/2018/texmf-dist/tex/latex/base/t1enc.def))
(/usr/local/texlive/2018/texmf-dist/tex/latex/psnfss/times.sty)
(/usr/local/texlive/2018/texmf-dist/tex/latex/inconsolata/zi4.sty
`inconsolata-zi4' v1.112, 2017/01/04 Text macros for Inconsolata (msharpe)
(/usr/local/texlive/2018/texmf-dist/tex/latex/xkeyval/xkeyval.sty
(/usr/local/texlive/2018/texmf-dist/tex/generic/xkeyval/xkeyval.tex
(/usr/local/texlive/2018/texmf-dist/tex/generic/xkeyval/xkvutils.tex
(/usr/local/texlive/2018/texmf-dist/tex/generic/xkeyval/keyval.tex)))))
(/usr/local/texlive/2018/texmf-dist/tex/latex/graphics/color.sty
(/usr/local/texlive/2018/texmf-dist/tex/latex/graphics-cfg/color.cfg)
(/usr/local/texlive/2018/texmf-dist/tex/latex/graphics-def/pdftex.def))
(/usr/local/texlive/2018/texmf-dist/tex/latex/hyperref/hyperref.sty
(/usr/local/texlive/2018/texmf-dist/tex/generic/oberdiek/hobsub-hyperref.sty
(/usr/local/texlive/2018/texmf-dist/tex/generic/oberdiek/hobsub-generic.sty))
(/usr/local/texlive/2018/texmf-dist/tex/generic/ifxetex/ifxetex.sty)
(/usr/local/texlive/2018/texmf-dist/tex/latex/oberdiek/auxhook.sty)
(/usr/local/texlive/2018/texmf-dist/tex/latex/oberdiek/kvoptions.sty)
(/usr/local/texlive/2018/texmf-dist/tex/latex/hyperref/pd1enc.def)
(/usr/local/texlive/2018/texmf-dist/tex/latex/latexconfig/hyperref.cfg))
(/usr/local/texlive/2018/texmf-dist/tex/latex/hyperref/hpdftex.def
(/usr/local/texlive/2018/texmf-dist/tex/latex/oberdiek/rerunfilecheck.sty))

Package hyperref Warning: Option `hyperindex' has already been used,
(hyperref)                setting the option has no effect on input line 388.


Package hyperref Warning: Option `pagebackref' has already been used,
(hyperref)                setting the option has no effect on input line 388.

) (/usr/local/texlive/2018/texmf-dist/tex/latex/base/makeidx.sty)
(/usr/local/texlive/2018/texmf-dist/tex/latex/base/inputenc.sty)
Writing index file Rd2.idx

(/private/var/folders/q9/hhwtr3dd35g8pjrvr_00wjqc0000gn/T/Rtmp44izoB/Rd2pdf82f7
4348c9c5/Rd2.aux) (/usr/local/texlive/2018/texmf-dist/tex/latex/base/ts1cmr.fd)
(/usr/local/texlive/2018/texmf-dist/tex/latex/psnfss/t1ptm.fd)
(/usr/local/texlive/2018/texmf-dist/tex/context/base/mkii/supp-pdf.mkii
[Loading MPS to PDF converter (version 2006.09.02).]
) (/usr/local/texlive/2018/texmf-dist/tex/latex/hyperref/nameref.sty
(/usr/local/texlive/2018/texmf-dist/tex/generic/oberdiek/gettitlestring.sty))
(/private/var/folders/q9/hhwtr3dd35g8pjrvr_00wjqc0000gn/T/Rtmp44izoB/Rd2pdf82f7
4348c9c5/Rd2.out)
(/private/var/folders/q9/hhwtr3dd35g8pjrvr_00wjqc0000gn/T/Rtmp44izoB/Rd2pdf82f7
4348c9c5/Rd2.out)
(/usr/local/texlive/2018/texmf-dist/tex/latex/inconsolata/t1zi4.fd)
(/usr/local/texlive/2018/texmf-dist/tex/latex/psnfss/t1phv.fd)
(/private/var/folders/q9/hhwtr3dd35g8pjrvr_00wjqc0000gn/T/Rtmp44izoB/Rd2pdf82f7
4348c9c5/Rd2.toc) [1{/usr/local/texlive/2018/texmf-var/fonts/map/pdftex/updmap/
pdftex.map}]
Overfull \hbox (4.62727pt too wide) in paragraph at lines 60--61
[]\T1/ptm/m/n/10 Colchero, F. and J.S. Clark (2012) Bayesian in-fer-ence on age
-specific sur-vival from capture-recapture

Underfull \hbox (badness 1112) in paragraph at lines 67--67
[]\T1/ptm/m/it/10 Parametric Bayesian es-ti-ma-tion of age-specific sur-vival f
or left-
[2]
Overfull \hbox (5.45772pt too wide) in paragraph at lines 93--94
[]\T1/ptm/m/n/10 A []\T1/zi4/m/n/10 character string []\T1/ptm/m/n/10 in-di-cat
-ing if the data are for capture-mark-recapture (CMR)
[3]
Overfull \hbox (9.54822pt too wide) in paragraph at lines 125--126
\T1/ptm/m/n/10 tive in-de-pen-dent Metropo-lis) un-til an up-date rate of 0.25 
is achieved (see []\T1/zi4/m/n/10 details[]\T1/ptm/m/n/10 ). 

Overfull \hbox (0.666pt too wide) in paragraph at lines 150--151
[]\T1/zi4/m/n/10 basta []\T1/ptm/m/n/10 uses para-met-ric mor-tal-ity func-tion
s to es-ti-mate age-specific mor-tal-ity (sur-vival) from capture-
[4]
Overfull \hbox (4.3718pt too wide) in paragraph at lines 187--188
[]\T1/ptm/m/n/10 where $\OML/cmm/m/it/10 ^^V[]\OT1/cmr/m/n/10 (\OML/cmm/m/it/10
 x\OMS/cmsy/m/n/10 j\OML/cmm/m/it/10 ^^R; Z[]\OT1/cmr/m/n/10 )$ \T1/ptm/m/n/10 
rep-re-sents the mor-tal-ity sec-tion as de-fined above, while the sec-ond term
 $\OML/cmm/m/it/10 exp\OT1/cmr/m/n/10 (^^@\OML/cmm/m/it/10 Z[]\OT1/cmr/m/n/10 )
$
[5]
Overfull \hbox (6.27995pt too wide) in paragraph at lines 203--204
[]\T1/ptm/m/n/10 To spec-ify pri-ors, ar-gu-ments []\T1/zi4/m/n/10 thetaPriorMe
an[]\T1/ptm/m/n/10 , []\T1/zi4/m/n/10 thetaPriorSd[]\T1/ptm/m/n/10 , []\T1/zi4/
m/n/10 gammaPriorMean []\T1/ptm/m/n/10 and []\T1/zi4/m/n/10 gammaPriorSd
[6] [7]
Overfull \hbox (4.62727pt too wide) in paragraph at lines 270--271
[]\T1/ptm/m/n/10 Colchero, F. and J.S. Clark (2012) Bayesian in-fer-ence on age
-specific sur-vival from capture-recapture

Overfull \hbox (3.04681pt too wide) in paragraph at lines 282--283
[]\T1/ptm/m/n/10 King, R. and Brooks, S.P. (2002) Bayesian model dis-crim-i-na-
tion for mul-ti-ple strata capture-recapture
[8] [9] [10] [11] [12] [13]
Overfull \hbox (21.39984pt too wide) in paragraph at lines 579--579
 []\T1/zi4/m/n/10 DataCheck (object, dataType = "CMR", studyStart = NULL, study
End = NULL,  silent = TRUE)[] 

Overfull \hbox (4.25749pt too wide) in paragraph at lines 616--617
[]\T1/ptm/m/n/10 A vec-tor of row num-bers in the orig-i-nal data frame where t
here are births recorded
[14]
Overfull \hbox (11.82909pt too wide) in paragraph at lines 635--636
[]\T1/ptm/m/n/10 Vector of in-dices of rows where ``[]\T1/zi4/m/n/10 Min.Birth.
Date[]\T1/ptm/m/n/10 '' was larger than ``[]\T1/zi4/m/n/10 Birth.Date[]\T1/ptm/
m/n/10 ''. 

Overfull \hbox (11.82909pt too wide) in paragraph at lines 636--637
[]\T1/ptm/m/n/10 Vector of in-dices of rows where ``[]\T1/zi4/m/n/10 Birth.Date
[]\T1/ptm/m/n/10 '' was larger than ``[]\T1/zi4/m/n/10 Max.Birth.Date[]\T1/ptm/
m/n/10 ''. 

Overfull \hbox (31.82909pt too wide) in paragraph at lines 637--638
[]\T1/ptm/m/n/10 Vector of in-dices of rows where ``[]\T1/zi4/m/n/10 Min.Birth.
Date[]\T1/ptm/m/n/10 '' was larger than ``[]\T1/zi4/m/n/10 Max.Birth.Date[]\T1/
ptm/m/n/10 ''. 

Overfull \hbox (11.82909pt too wide) in paragraph at lines 639--640
[]\T1/ptm/m/n/10 Vector of in-dices of rows where ``[]\T1/zi4/m/n/10 Min.Birth.
Date[]\T1/ptm/m/n/10 '' was larger than ``[]\T1/zi4/m/n/10 Entry.Date[]\T1/ptm/
m/n/10 ''. 

Overfull \hbox (11.82909pt too wide) in paragraph at lines 640--641
[]\T1/ptm/m/n/10 Vector of in-dices of rows where ``[]\T1/zi4/m/n/10 Max.Birth.
Date[]\T1/ptm/m/n/10 '' was larger than ``[]\T1/zi4/m/n/10 Entry.Date[]\T1/ptm/
m/n/10 ''. 
[15] [16]
Overfull \hbox (4.25749pt too wide) in paragraph at lines 734--735
[]\T1/ptm/m/n/10 A vec-tor of row num-bers in the orig-i-nal data frame where t
here are births recorded
[17]
Underfull \hbox (badness 1082) in paragraph at lines 762--762
[]\T1/ptm/m/it/10 Summarizing and plot-ting Bayesian Sur-vival Tra-jec-tory Ana
l-y-sis
(/usr/local/texlive/2018/texmf-dist/tex/latex/inconsolata/ts1zi4.fd) [18]
[19]
Overfull \hbox (4.62727pt too wide) in paragraph at lines 845--846
[]\T1/ptm/m/n/10 Colchero, F. and J.S. Clark (2012) Bayesian in-fer-ence on age
-specific sur-vival from capture-recapture
[20] [21]
(/private/var/folders/q9/hhwtr3dd35g8pjrvr_00wjqc0000gn/T/Rtmp44izoB/Rd2pdf82f7
4348c9c5/Rd2.ind [22]

LaTeX Font Warning: Font shape `T1/zi4/m/it' undefined
(Font)              using `T1/zi4/m/n' instead on input line 22.

[23])
(/private/var/folders/q9/hhwtr3dd35g8pjrvr_00wjqc0000gn/T/Rtmp44izoB/Rd2pdf82f7
4348c9c5/Rd2.aux)

LaTeX Font Warning: Some font shapes were not available, defaults substituted.

 )
(see the transcript file for additional information)pdfTeX warning (dest): name
{Rfn.formula} has been referenced but does not exist, replaced by a fixed one

{/usr/local/texlive/2018/texmf-dist/fonts/enc/dvips/inconsolata/i4-ts1.enc}{/us
r/local/texlive/2018/texmf-dist/fonts/enc/dvips/base/8r.enc}{/usr/local/texlive
/2018/texmf-dist/fonts/enc/dvips/inconsolata/i4-t1-0.enc}</usr/local/texlive/20
18/texmf-dist/fonts/type1/public/inconsolata/Inconsolata-zi4r.pfb></usr/local/t
exlive/2018/texmf-dist/fonts/type1/public/amsfonts/cm/cmmi10.pfb></usr/local/te
xlive/2018/texmf-dist/fonts/type1/public/amsfonts/cm/cmmi7.pfb></usr/local/texl
ive/2018/texmf-dist/fonts/type1/public/amsfonts/cm/cmr10.pfb></usr/local/texliv
e/2018/texmf-dist/fonts/type1/public/amsfonts/cm/cmr5.pfb></usr/local/texlive/2
018/texmf-dist/fonts/type1/public/amsfonts/cm/cmr7.pfb></usr/local/texlive/2018
/texmf-dist/fonts/type1/public/amsfonts/cm/cmsy10.pfb></usr/local/texlive/2018/
texmf-dist/fonts/type1/public/amsfonts/cm/cmsy7.pfb></usr/local/texlive/2018/te
xmf-dist/fonts/type1/urw/helvetic/uhvr8a.pfb></usr/local/texlive/2018/texmf-dis
t/fonts/type1/urw/times/utmb8a.pfb></usr/local/texlive/2018/texmf-dist/fonts/ty
pe1/urw/times/utmr8a.pfb></usr/local/texlive/2018/texmf-dist/fonts/type1/urw/ti
mes/utmr8a.pfb></usr/local/texlive/2018/texmf-dist/fonts/type1/urw/times/utmri8
a.pfb>
Output written on Rd2.pdf (23 pages, 205068 bytes).
Transcript written on Rd2.log.
Saving output to ‘BaSTA2.0-manual.pdf’ ...
Done
You may want to clean up by 'rm -Rf /var/folders/q9/hhwtr3dd35g8pjrvr_00wjqc0000gn/T//Rtmp44izoB/Rd2pdf82f74348c9c5'
